Report: Entry 14868 already exists in notification-chung
Report: Blog 14868 already exists in blogs
Report: Entry 14866 already exists in notification-chung
Report: Blog 14866 already exists in blogs
Report: Entry 14865 already exists in notification-chung
Report: Blog 14865 already exists in blogs
Report: Entry 14864 already exists in notification-chung
Report: Blog 14864 already exists in blogs
Report: Entry 14862 already exists in notification-chung
Report: Blog 14862 already exists in blogs
Report: Entry 14860 already exists in notification-chung
Report: Blog 14860 already exists in blogs
Report: Entry 14859 already exists in notification-chung
Report: Blog 14859 already exists in blogs
Report: Entry 14858 already exists in notification-chung
Report: Blog 14858 already exists in blogs
Report: Entry 14857 already exists in notification-chung
Report: Blog 14857 already exists in blogs
Report: Entry 14856 already exists in notification-chung
Report: Blog 14856 already exists in blogs
Report: Entry 14855 already exists in notification-chung
Report: Blog 14855 already exists in blogs
Report: Entry 14851 already exists in notification-chung
Report: Blog 14851 already exists in blogs
Report: Entry 14852 already exists in notification-chung
Report: Blog 14852 already exists in blogs
Report: Entry 14849 already exists in notification-chung
Report: Blog 14849 already exists in blogs
Report: Entry 14850 already exists in notification-chung
Report: Blog 14850 already exists in blogs
Report: Entry 14847 already exists in notification-chung
Report: Blog 14847 already exists in blogs
Report: Entry 14845 already exists in notification-chung
Report: Blog 14845 already exists in blogs
Report: Entry 14844 already exists in notification-chung
Report: Blog 14844 already exists in blogs
Report: Entry 14835 already exists in notification-chung
Report: Blog 14835 already exists in blogs
Report: Entry 14833 already exists in notification-chung
Report: Blog 14833 already exists in blogs
Report: Entry 14815 already exists in notification-chung
Report: Blog 14815 already exists in blogs
Report: Entry 14805 already exists in notification-chung
Report: Blog 14805 already exists in blogs
Report: Entry 14802 already exists in notification-chung
Report: Blog 14802 already exists in blogs
Report: Entry 14774 already exists in notification-chung
Report: Blog 14774 already exists in blogs
Report: Entry 14771 already exists in notification-chung
Report: Blog 14771 already exists in blogs
Report: Entry 14707 already exists in notification-chung
Report: Blog 14707 already exists in blogs
Report: Entry 14699 already exists in notification-chung
Report: Blog 14699 already exists in blogs
Report: Entry 14696 already exists in notification-chung
Report: Blog 14696 already exists in blogs
Report: Entry 14689 already exists in notification-chung
Report: Blog 14689 already exists in blogs
Report: Entry 14681 already exists in notification-chung
Report: Blog 14681 already exists in blogs
Report: Entry 14676 already exists in notification-chung
Report: Blog 14676 already exists in blogs
Report: Entry 14667 already exists in notification-chung
Report: Blog 14667 already exists in blogs
Report: Entry 14666 already exists in notification-chung
Report: Blog 14666 already exists in blogs
Report: Entry 14663 already exists in notification-chung
Report: Blog 14663 already exists in blogs
Report: Entry 14662 already exists in notification-chung
Report: Blog 14662 already exists in blogs
Report: Entry 14659 already exists in notification-chung
Report: Blog 14659 already exists in blogs
Report: Entry 14658 already exists in notification-chung
Report: Blog 14658 already exists in blogs
Report: Entry 14657 already exists in notification-chung
Report: Blog 14657 already exists in blogs
Report: Entry 14654 already exists in notification-chung
Report: Blog 14654 already exists in blogs
Report: Entry 14653 already exists in notification-chung
Report: Blog 14653 already exists in blogs
Report: Entry 14650 already exists in notification-chung
Report: Blog 14650 already exists in blogs
Report: Entry 14646 already exists in notification-chung
Report: Blog 14646 already exists in blogs
Report: Entry 14636 already exists in notification-chung
Report: Blog 14636 already exists in blogs
Report: Entry 14635 already exists in notification-chung
Report: Blog 14635 already exists in blogs
Report: Entry 14623 already exists in notification-chung
Report: Blog 14623 already exists in blogs
Report: Entry 14621 already exists in notification-chung
Report: Blog 14621 already exists in blogs
Report: Entry 14614 already exists in notification-chung
Report: Blog 14614 already exists in blogs
Report: Entry 14594 already exists in notification-chung
Report: Blog 14594 already exists in blogs
Report: Entry 14591 already exists in notification-chung
Report: Blog 14591 already exists in blogs
Report: Entry 14581 already exists in notification-chung
Report: Blog 14581 already exists in blogs
Report: Entry 14577 already exists in notification-chung
Report: Blog 14577 already exists in blogs
Report: Entry 14573 already exists in notification-chung
Report: Blog 14573 already exists in blogs
Report: Entry 14568 already exists in notification-chung
Report: Blog 14568 already exists in blogs
Report: Entry 14564 already exists in notification-chung
Report: Blog 14564 already exists in blogs
Report: Entry 14549 already exists in notification-chung
Report: Blog 14549 already exists in blogs
Report: Entry 14547 already exists in notification-chung
Report: Blog 14547 already exists in blogs
Report: Entry 14544 already exists in notification-chung
Report: Blog 14544 already exists in blogs
Report: Entry 14542 already exists in notification-chung
Report: Blog 14542 already exists in blogs
Report: Entry 14529 already exists in notification-chung
Report: Blog 14529 already exists in blogs
Report: Entry 14522 already exists in notification-chung
Report: Blog 14522 already exists in blogs
Report: Entry 14480 already exists in notification-chung
Report: Blog 14480 already exists in blogs
Report: Entry 14463 already exists in notification-chung
Report: Blog 14463 already exists in blogs
Report: Entry 14440 already exists in notification-chung
Report: Blog 14440 already exists in blogs
Report: Entry 14432 already exists in notification-chung
Report: Blog 14432 already exists in blogs
Report: Entry 14419 already exists in notification-chung
Report: Blog 14419 already exists in blogs
Report: Entry 14418 already exists in notification-chung
Report: Blog 14418 already exists in blogs
Report: Entry 14383 already exists in notification-chung
Report: Blog 14383 already exists in blogs
Report: Entry 14343 already exists in notification-chung
Report: Blog 14343 already exists in blogs
Report: Entry 14334 already exists in notification-chung
Report: Blog 14334 already exists in blogs
Report: Entry 14309 already exists in notification-chung
Report: Blog 14309 already exists in blogs
Report: Entry 14265 already exists in notification-chung
Report: Blog 14265 already exists in blogs
Report: Entry 14257 already exists in notification-chung
Report: Blog 14257 already exists in blogs
Report: Entry 14241 already exists in notification-chung
Report: Blog 14241 already exists in blogs
Report: Entry 14224 already exists in notification-chung
Report: Blog 14224 already exists in blogs
Report: Entry 14230 already exists in notification-chung
Report: Blog 14230 already exists in blogs
Report: Entry 14222 already exists in notification-chung
Report: Blog 14222 already exists in blogs
Report: Entry 14216 already exists in notification-chung
Report: Blog 14216 already exists in blogs
Report: Entry 14214 already exists in notification-chung
Report: Blog 14214 already exists in blogs
Report: Entry 14204 already exists in notification-chung
Report: Blog 14204 already exists in blogs
Report: Entry 14197 already exists in notification-chung
Report: Blog 14197 already exists in blogs
Report: Entry 14187 already exists in notification-chung
Report: Blog 14187 already exists in blogs
Report: Entry 14184 already exists in notification-chung
Report: Blog 14184 already exists in blogs
Report: Entry 14157 already exists in notification-chung
Report: Blog 14157 already exists in blogs
Report: Entry 14140 already exists in notification-chung
Report: Blog 14140 already exists in blogs
Report: Entry 14137 already exists in notification-chung
Report: Blog 14137 already exists in blogs
Report: Entry 14070 already exists in notification-chung
Report: Blog 14070 already exists in blogs
Report: Entry 14067 already exists in notification-chung
Report: Blog 14067 already exists in blogs
Report: Entry 14063 already exists in notification-chung
Report: Blog 14063 already exists in blogs
Report: Entry 14058 already exists in notification-chung
Report: Blog 14058 already exists in blogs
Report: Entry 14039 already exists in notification-chung
Report: Blog 14039 already exists in blogs
Report: Entry 14032 already exists in notification-chung
Report: Blog 14032 already exists in blogs
Report: Entry 14031 already exists in notification-chung
Report: Blog 14031 already exists in blogs
Report: Entry 14026 already exists in notification-chung
Report: Blog 14026 already exists in blogs
Report: Entry 14025 already exists in notification-chung
Report: Blog 14025 already exists in blogs
Report: Entry 14024 already exists in notification-chung
Report: Blog 14024 already exists in blogs
Report: Entry 14022 already exists in notification-chung
Report: Blog 14022 already exists in blogs
Report: Entry 13999 already exists in notification-chung
Report: Blog 13999 already exists in blogs
Report: Entry 13978 already exists in notification-chung
Report: Blog 13978 already exists in blogs
Report: Entry 13977 already exists in notification-chung
Report: Blog 13977 already exists in blogs
Report: Entry 13970 already exists in notification-chung
Report: Blog 13970 already exists in blogs
Report: Entry 14867 already exists in notification-khtc
Report: Blog 14867 already exists in blogs
Report: Entry 14863 already exists in notification-khtc
Report: Blog 14863 already exists in blogs
Report: Entry 14843 already exists in notification-khtc
Report: Blog 14843 already exists in blogs
Report: Entry 14841 already exists in notification-khtc
Report: Blog 14841 already exists in blogs
Report: Entry 14819 already exists in notification-khtc
Report: Blog 14819 already exists in blogs
Report: Entry 14783 already exists in notification-khtc
Report: Blog 14783 already exists in blogs
Report: Entry 14732 already exists in notification-khtc
Report: Blog 14732 already exists in blogs
Report: Entry 14717 already exists in notification-khtc
Report: Blog 14717 already exists in blogs
Report: Entry 14712 already exists in notification-khtc
Report: Blog 14712 already exists in blogs
Report: Entry 14677 already exists in notification-khtc
Report: Blog 14677 already exists in blogs
Report: Entry 14661 already exists in notification-khtc
Report: Blog 14661 already exists in blogs
Report: Entry 14647 already exists in notification-khtc
Report: Blog 14647 already exists in blogs
Report: Entry 14631 already exists in notification-khtc
Report: Blog 14631 already exists in blogs
Report: Entry 14612 already exists in notification-khtc
Report: Blog 14612 already exists in blogs
Report: Entry 14555 already exists in notification-khtc
Report: Blog 14555 already exists in blogs
Report: Entry 14554 already exists in notification-khtc
Report: Blog 14554 already exists in blogs
Report: Entry 14548 already exists in notification-khtc
Report: Blog 14548 already exists in blogs
Report: Entry 14528 already exists in notification-khtc
Report: Blog 14528 already exists in blogs
Report: Entry 14433 already exists in notification-khtc
Report: Blog 14433 already exists in blogs
Report: Entry 14406 already exists in notification-khtc
Report: Blog 14406 already exists in blogs
Report: Entry 14404 already exists in notification-khtc
Report: Blog 14404 already exists in blogs
Report: Entry 14338 already exists in notification-khtc
Report: Blog 14338 already exists in blogs
Report: Entry 14315 already exists in notification-khtc
Report: Blog 14315 already exists in blogs
Report: Entry 14314 already exists in notification-khtc
Report: Blog 14314 already exists in blogs
Report: Entry 14337 already exists in notification-khtc
Report: Blog 14337 already exists in blogs
Report: Entry 14185 already exists in notification-khtc
Report: Blog 14185 already exists in blogs
Report: Entry 14171 already exists in notification-khtc
Report: Blog 14171 already exists in blogs
Report: Entry 14139 already exists in notification-khtc
Report: Blog 14139 already exists in blogs
Report: Entry 14138 already exists in notification-khtc
Report: Blog 14138 already exists in blogs
Report: Entry 14127 already exists in notification-khtc
Report: Blog 14127 already exists in blogs
Report: Entry 14119 already exists in notification-khtc
Report: Blog 14119 already exists in blogs
Report: Entry 14064 already exists in notification-khtc
Report: Blog 14064 already exists in blogs
Report: Entry 14059 already exists in notification-khtc
Report: Blog 14059 already exists in blogs
Report: Entry 13986 already exists in notification-khtc
Report: Blog 13986 already exists in blogs
Report: Entry 13974 already exists in notification-khtc
Report: Blog 13974 already exists in blogs
Report: Entry 13936 already exists in notification-khtc
Report: Blog 13936 already exists in blogs
Report: Entry 13908 already exists in notification-khtc
Report: Blog 13908 already exists in blogs
Report: Entry 13897 already exists in notification-khtc
Report: Blog 13897 already exists in blogs
Report: Entry 13896 already exists in notification-khtc
Report: Blog 13896 already exists in blogs
Report: Entry 13869 already exists in notification-khtc
Report: Blog 13869 already exists in blogs
Report: Entry 13845 already exists in notification-khtc
Report: Blog 13845 already exists in blogs
Report: Entry 13838 already exists in notification-khtc
Report: Blog 13838 already exists in blogs
Report: Entry 13834 already exists in notification-khtc
Report: Blog 13834 already exists in blogs
Report: Entry 13800 already exists in notification-khtc
Report: Blog 13800 already exists in blogs
Report: Entry 13716 already exists in notification-khtc
Report: Blog 13716 already exists in blogs
Report: Entry 13715 already exists in notification-khtc
Report: Blog 13715 already exists in blogs
Report: Entry 13685 already exists in notification-khtc
Report: Blog 13685 already exists in blogs
Report: Entry 13684 already exists in notification-khtc
Report: Blog 13684 already exists in blogs
Report: Entry 13683 already exists in notification-khtc
Report: Blog 13683 already exists in blogs
Report: Entry 13644 already exists in notification-khtc
Report: Blog 13644 already exists in blogs
Report: Entry 13626 already exists in notification-khtc
Report: Blog 13626 already exists in blogs
Report: Entry 13577 already exists in notification-khtc
Report: Blog 13577 already exists in blogs
Report: Entry 13572 already exists in notification-khtc
Report: Blog 13572 already exists in blogs
Report: Entry 13557 already exists in notification-khtc
Report: Blog 13557 already exists in blogs
Report: Entry 13552 already exists in notification-khtc
Report: Blog 13552 already exists in blogs
Report: Entry 13551 already exists in notification-khtc
Report: Blog 13551 already exists in blogs
Report: Entry 13534 already exists in notification-khtc
Report: Blog 13534 already exists in blogs
Report: Entry 13524 already exists in notification-khtc
Report: Blog 13524 already exists in blogs
Report: Entry 13523 already exists in notification-khtc
Report: Blog 13523 already exists in blogs
Report: Entry 13504 already exists in notification-khtc
Report: Blog 13504 already exists in blogs
Report: Entry 13503 already exists in notification-khtc
Report: Blog 13503 already exists in blogs
Report: Entry 13476 already exists in notification-khtc
Report: Blog 13476 already exists in blogs
Report: Entry 13475 already exists in notification-khtc
Report: Blog 13475 already exists in blogs
Report: Entry 13456 already exists in notification-khtc
Report: Blog 13456 already exists in blogs
Report: Entry 13338 already exists in notification-khtc
Report: Blog 13338 already exists in blogs
Report: Entry 13328 already exists in notification-khtc
Report: Blog 13328 already exists in blogs
Report: Entry 13441 already exists in notification-khtc
Report: Blog 13441 already exists in blogs
Report: Entry 13491 already exists in notification-khtc
Report: Blog 13491 already exists in blogs
Report: Entry 13548 already exists in notification-khtc
Report: Blog 13548 already exists in blogs
Report: Entry 12497 already exists in notification-khtc
Report: Blog 12497 already exists in blogs
Report: Entry 13198 already exists in notification-khtc
Report: Blog 13198 already exists in blogs
Report: Entry 13182 already exists in notification-khtc
Report: Blog 13182 already exists in blogs
Report: Entry 13126 already exists in notification-khtc
Report: Blog 13126 already exists in blogs
Report: Entry 13095 already exists in notification-khtc
Report: Blog 13095 already exists in blogs
Report: Entry 13046 already exists in notification-khtc
Report: Blog 13046 already exists in blogs
Report: Entry 12846 already exists in notification-khtc
Report: Blog 12846 already exists in blogs
Report: Entry 12786 already exists in notification-khtc
Report: Blog 12786 already exists in blogs
Report: Entry 12584 already exists in notification-khtc
Report: Blog 12584 already exists in blogs
Report: Entry 12538 already exists in notification-khtc
Report: Blog 12538 already exists in blogs
Report: Entry 12417 already exists in notification-khtc
Report: Blog 12417 already exists in blogs
Report: Entry 12344 already exists in notification-khtc
Report: Blog 12344 already exists in blogs
Report: Entry 12503 already exists in notification-khtc
Report: Blog 12503 already exists in blogs
Report: Entry 12501 already exists in notification-khtc
Report: Blog 12501 already exists in blogs
Report: Entry 12504 already exists in notification-khtc
Report: Blog 12504 already exists in blogs
Report: Entry 12500 already exists in notification-khtc
Report: Blog 12500 already exists in blogs
Report: Entry 12499 already exists in notification-khtc
Report: Blog 12499 already exists in blogs
Report: Entry 12502 already exists in notification-khtc
Report: Blog 12502 already exists in blogs
Report: Entry 12284 already exists in notification-khtc
Report: Blog 12284 already exists in blogs
Report: Entry 12487 already exists in notification-khtc
Report: Blog 12487 already exists in blogs
Report: Entry 12345 already exists in notification-khtc
Report: Blog 12345 already exists in blogs
Report: Entry 12489 already exists in notification-khtc
Report: Blog 12489 already exists in blogs
Report: Entry 12416 already exists in notification-khtc
Report: Blog 12416 already exists in blogs
Report: Entry 12265 already exists in notification-khtc
Report: Blog 12265 already exists in blogs
Report: Entry 12488 already exists in notification-khtc
Report: Blog 12488 already exists in blogs
Report: Entry 12270 already exists in notification-khtc
Report: Blog 12270 already exists in blogs
Report: Entry 12470 already exists in notification-khtc
Report: Blog 12470 already exists in blogs
Report: Entry 12276 already exists in notification-khtc
Report: Blog 12276 already exists in blogs
Report: Entry 12474 already exists in notification-khtc
Report: Blog 12474 already exists in blogs
Report: Entry 12426 already exists in notification-khtc
Report: Blog 12426 already exists in blogs
Report: Entry 14854 already exists in notification-ktdbcl
Report: Blog 14854 already exists in blogs
Report: Entry 14853 already exists in notification-ktdbcl
Report: Blog 14853 already exists in blogs
Report: Entry 14848 already exists in notification-ktdbcl
Report: Blog 14848 already exists in blogs
Report: Entry 14842 already exists in notification-ktdbcl
Report: Blog 14842 already exists in blogs
Report: Entry 14738 already exists in notification-ktdbcl
Report: Blog 14738 already exists in blogs
Report: Entry 14704 already exists in notification-ktdbcl
Report: Blog 14704 already exists in blogs
Report: Entry 14697 already exists in notification-ktdbcl
Report: Blog 14697 already exists in blogs
Report: Entry 14644 already exists in notification-ktdbcl
Report: Blog 14644 already exists in blogs
Report: Entry 14607 already exists in notification-ktdbcl
Report: Blog 14607 already exists in blogs
Report: Entry 14606 already exists in notification-ktdbcl
Report: Blog 14606 already exists in blogs
Report: Entry 14602 already exists in notification-ktdbcl
Report: Blog 14602 already exists in blogs
Report: Entry 14595 already exists in notification-ktdbcl
Report: Blog 14595 already exists in blogs
Report: Entry 14586 already exists in notification-ktdbcl
Report: Blog 14586 already exists in blogs
Report: Entry 14579 already exists in notification-ktdbcl
Report: Blog 14579 already exists in blogs
Report: Entry 14576 already exists in notification-ktdbcl
Report: Blog 14576 already exists in blogs
Report: Entry 14570 already exists in notification-ktdbcl
Report: Blog 14570 already exists in blogs
Report: Entry 14562 already exists in notification-ktdbcl
Report: Blog 14562 already exists in blogs
Report: Entry 14560 already exists in notification-ktdbcl
Report: Blog 14560 already exists in blogs
Report: Entry 14553 already exists in notification-ktdbcl
Report: Blog 14553 already exists in blogs
Report: Entry 14550 already exists in notification-ktdbcl
Report: Blog 14550 already exists in blogs
Report: Entry 14534 already exists in notification-ktdbcl
Report: Blog 14534 already exists in blogs
Report: Entry 14532 already exists in notification-ktdbcl
Report: Blog 14532 already exists in blogs
Report: Entry 14491 already exists in notification-ktdbcl
Report: Blog 14491 already exists in blogs
Report: Entry 14431 already exists in notification-ktdbcl
Report: Blog 14431 already exists in blogs
Report: Entry 14417 already exists in notification-ktdbcl
Report: Blog 14417 already exists in blogs
Report: Entry 14370 already exists in notification-ktdbcl
Report: Blog 14370 already exists in blogs
Report: Entry 14292 already exists in notification-ktdbcl
Report: Blog 14292 already exists in blogs
Report: Entry 14288 already exists in notification-ktdbcl
Report: Blog 14288 already exists in blogs
Report: Entry 14245 already exists in notification-ktdbcl
Report: Blog 14245 already exists in blogs
Report: Entry 14239 already exists in notification-ktdbcl
Report: Blog 14239 already exists in blogs
Report: Entry 14238 already exists in notification-ktdbcl
Report: Blog 14238 already exists in blogs
Report: Entry 14232 already exists in notification-ktdbcl
Report: Blog 14232 already exists in blogs
Report: Entry 14231 already exists in notification-ktdbcl
Report: Blog 14231 already exists in blogs
Report: Entry 14208 already exists in notification-ktdbcl
Report: Blog 14208 already exists in blogs
Report: Entry 14198 already exists in notification-ktdbcl
Report: Blog 14198 already exists in blogs
Report: Entry 14195 already exists in notification-ktdbcl
Report: Blog 14195 already exists in blogs
Report: Entry 14194 already exists in notification-ktdbcl
Report: Blog 14194 already exists in blogs
Report: Entry 14191 already exists in notification-ktdbcl
Report: Blog 14191 already exists in blogs
Report: Entry 14183 already exists in notification-ktdbcl
Report: Blog 14183 already exists in blogs
Report: Entry 14136 already exists in notification-ktdbcl
Report: Blog 14136 already exists in blogs
Report: Entry 14050 already exists in notification-ktdbcl
Report: Blog 14050 already exists in blogs
Report: Entry 14029 already exists in notification-ktdbcl
Report: Blog 14029 already exists in blogs
Report: Entry 13998 already exists in notification-ktdbcl
Report: Blog 13998 already exists in blogs
Report: Entry 13994 already exists in notification-ktdbcl
Report: Blog 13994 already exists in blogs
Report: Entry 13993 already exists in notification-ktdbcl
Report: Blog 13993 already exists in blogs
Report: Entry 13985 already exists in notification-ktdbcl
Report: Blog 13985 already exists in blogs
Report: Entry 13981 already exists in notification-ktdbcl
Report: Blog 13981 already exists in blogs
Report: Entry 13980 already exists in notification-ktdbcl
Report: Blog 13980 already exists in blogs
Report: Entry 13965 already exists in notification-ktdbcl
Report: Blog 13965 already exists in blogs
Report: Entry 13964 already exists in notification-ktdbcl
Report: Blog 13964 already exists in blogs
Report: Entry 13958 already exists in notification-ktdbcl
Report: Blog 13958 already exists in blogs
Report: Entry 13957 already exists in notification-ktdbcl
Report: Blog 13957 already exists in blogs
Report: Entry 13946 already exists in notification-ktdbcl
Report: Blog 13946 already exists in blogs
Report: Entry 13931 already exists in notification-ktdbcl
Report: Blog 13931 already exists in blogs
Report: Entry 13857 already exists in notification-ktdbcl
Report: Blog 13857 already exists in blogs
Report: Entry 13846 already exists in notification-ktdbcl
Report: Blog 13846 already exists in blogs
Report: Entry 13835 already exists in notification-ktdbcl
Report: Blog 13835 already exists in blogs
Report: Entry 13828 already exists in notification-ktdbcl
Report: Blog 13828 already exists in blogs
Report: Entry 13818 already exists in notification-ktdbcl
Report: Blog 13818 already exists in blogs
Report: Entry 13799 already exists in notification-ktdbcl
Report: Blog 13799 already exists in blogs
Report: Entry 13765 already exists in notification-ktdbcl
Report: Blog 13765 already exists in blogs
Report: Entry 13708 already exists in notification-ktdbcl
Report: Blog 13708 already exists in blogs
Report: Entry 13664 already exists in notification-ktdbcl
Report: Blog 13664 already exists in blogs
Report: Entry 13562 already exists in notification-ktdbcl
Report: Blog 13562 already exists in blogs
Report: Entry 13558 already exists in notification-ktdbcl
Report: Blog 13558 already exists in blogs
Report: Entry 13555 already exists in notification-ktdbcl
Report: Blog 13555 already exists in blogs
Report: Entry 13544 already exists in notification-ktdbcl
Report: Blog 13544 already exists in blogs
Report: Entry 13525 already exists in notification-ktdbcl
Report: Blog 13525 already exists in blogs
Report: Entry 13522 already exists in notification-ktdbcl
Report: Blog 13522 already exists in blogs
Report: Entry 13520 already exists in notification-ktdbcl
Report: Blog 13520 already exists in blogs
Report: Entry 13495 already exists in notification-ktdbcl
Report: Blog 13495 already exists in blogs
Report: Entry 13477 already exists in notification-ktdbcl
Report: Blog 13477 already exists in blogs
Report: Entry 13472 already exists in notification-ktdbcl
Report: Blog 13472 already exists in blogs
Report: Entry 13471 already exists in notification-ktdbcl
Report: Blog 13471 already exists in blogs
Report: Entry 13469 already exists in notification-ktdbcl
Report: Blog 13469 already exists in blogs
Report: Entry 13464 already exists in notification-ktdbcl
Report: Blog 13464 already exists in blogs
Report: Entry 13462 already exists in notification-ktdbcl
Report: Blog 13462 already exists in blogs
Report: Entry 13436 already exists in notification-ktdbcl
Report: Blog 13436 already exists in blogs
Report: Entry 13435 already exists in notification-ktdbcl
Report: Blog 13435 already exists in blogs
Report: Entry 13434 already exists in notification-ktdbcl
Report: Blog 13434 already exists in blogs
Report: Entry 13428 already exists in notification-ktdbcl
Report: Blog 13428 already exists in blogs
Report: Entry 13427 already exists in notification-ktdbcl
Report: Blog 13427 already exists in blogs
Report: Entry 13422 already exists in notification-ktdbcl
Report: Blog 13422 already exists in blogs
Report: Entry 13421 already exists in notification-ktdbcl
Report: Blog 13421 already exists in blogs
Report: Entry 13417 already exists in notification-ktdbcl
Report: Blog 13417 already exists in blogs
Report: Entry 13321 already exists in notification-ktdbcl
Report: Blog 13321 already exists in blogs
Report: Entry 13311 already exists in notification-ktdbcl
Report: Blog 13311 already exists in blogs
Report: Entry 13302 already exists in notification-ktdbcl
Report: Blog 13302 already exists in blogs
Report: Entry 13309 already exists in notification-ktdbcl
Report: Blog 13309 already exists in blogs
Report: Entry 13298 already exists in notification-ktdbcl
Report: Blog 13298 already exists in blogs
Report: Entry 13297 already exists in notification-ktdbcl
Report: Blog 13297 already exists in blogs
Report: Entry 13292 already exists in notification-ktdbcl
Report: Blog 13292 already exists in blogs
Report: Entry 13291 already exists in notification-ktdbcl
Report: Blog 13291 already exists in blogs
Report: Entry 13285 already exists in notification-ktdbcl
Report: Blog 13285 already exists in blogs
Report: Entry 13284 already exists in notification-ktdbcl
Report: Blog 13284 already exists in blogs
Report: Entry 13272 already exists in notification-ktdbcl
Report: Blog 13272 already exists in blogs
Report: Entry 13271 already exists in notification-ktdbcl
Report: Blog 13271 already exists in blogs
Report: Entry 13270 already exists in notification-ktdbcl
Report: Blog 13270 already exists in blogs
Report: Entry 13269 already exists in notification-ktdbcl
Report: Blog 13269 already exists in blogs
Report: Entry 13268 already exists in notification-ktdbcl
Report: Blog 13268 already exists in blogs
Report: Entry 14838 already exists in notification-ctsv
Report: Blog 14838 already exists in blogs
Report: Entry 14818 already exists in notification-ctsv
Report: Blog 14818 already exists in blogs
Report: Entry 14816 already exists in notification-ctsv
Report: Blog 14816 already exists in blogs
Report: Entry 14773 already exists in notification-ctsv
Report: Blog 14773 already exists in blogs
Report: Entry 14739 already exists in notification-ctsv
Report: Blog 14739 already exists in blogs
Report: Entry 14730 already exists in notification-ctsv
Report: Blog 14730 already exists in blogs
Report: Entry 14729 already exists in notification-ctsv
Report: Blog 14729 already exists in blogs
Report: Entry 14683 already exists in notification-ctsv
Report: Blog 14683 already exists in blogs
Report: Entry 14622 already exists in notification-ctsv
Report: Blog 14622 already exists in blogs
Report: Entry 14611 already exists in notification-ctsv
Report: Blog 14611 already exists in blogs
Report: Entry 14574 already exists in notification-ctsv
Report: Blog 14574 already exists in blogs
Report: Entry 14571 already exists in notification-ctsv
Report: Blog 14571 already exists in blogs
Report: Entry 14552 already exists in notification-ctsv
Report: Blog 14552 already exists in blogs
Report: Entry 14482 already exists in notification-ctsv
Report: Blog 14482 already exists in blogs
Report: Entry 14494 already exists in notification-ctsv
Report: Blog 14494 already exists in blogs
Report: Entry 14397 already exists in notification-ctsv
Report: Blog 14397 already exists in blogs
Report: Entry 14352 already exists in notification-ctsv
Report: Blog 14352 already exists in blogs
Report: Entry 14347 already exists in notification-ctsv
Report: Blog 14347 already exists in blogs
Report: Entry 14341 already exists in notification-ctsv
Report: Blog 14341 already exists in blogs
Report: Entry 14335 already exists in notification-ctsv
Report: Blog 14335 already exists in blogs
Report: Entry 14308 already exists in notification-ctsv
Report: Blog 14308 already exists in blogs
Report: Entry 14275 already exists in notification-ctsv
Report: Blog 14275 already exists in blogs
Report: Entry 14274 already exists in notification-ctsv
Report: Blog 14274 already exists in blogs
Report: Entry 14229 already exists in notification-ctsv
Report: Blog 14229 already exists in blogs
Report: Entry 14226 already exists in notification-ctsv
Report: Blog 14226 already exists in blogs
Report: Entry 14211 already exists in notification-ctsv
Report: Blog 14211 already exists in blogs
Report: Entry 14210 already exists in notification-ctsv
Report: Blog 14210 already exists in blogs
Report: Entry 14342 already exists in notification-ctsv
Report: Blog 14342 already exists in blogs
Report: Entry 14173 already exists in notification-ctsv
Report: Blog 14173 already exists in blogs
Report: Entry 14156 already exists in notification-ctsv
Report: Blog 14156 already exists in blogs
Report: Entry 14126 already exists in notification-ctsv
Report: Blog 14126 already exists in blogs
Report: Entry 14129 already exists in notification-ctsv
Report: Blog 14129 already exists in blogs
Report: Entry 14122 already exists in notification-ctsv
Report: Blog 14122 already exists in blogs
Report: Entry 14095 already exists in notification-ctsv
Report: Blog 14095 already exists in blogs
Report: Entry 14084 already exists in notification-ctsv
Report: Blog 14084 already exists in blogs
Report: Entry 14083 already exists in notification-ctsv
Report: Blog 14083 already exists in blogs
Report: Entry 14319 already exists in notification-ctsv
Report: Blog 14319 already exists in blogs
Report: Entry 14320 already exists in notification-ctsv
Report: Blog 14320 already exists in blogs
Report: Entry 14321 already exists in notification-ctsv
Report: Blog 14321 already exists in blogs
Report: Entry 14065 already exists in notification-ctsv
Report: Blog 14065 already exists in blogs
Report: Entry 14055 already exists in notification-ctsv
Report: Blog 14055 already exists in blogs
Report: Entry 14054 already exists in notification-ctsv
Report: Blog 14054 already exists in blogs
Report: Entry 14053 already exists in notification-ctsv
Report: Blog 14053 already exists in blogs
Report: Entry 14051 already exists in notification-ctsv
Report: Blog 14051 already exists in blogs
Report: Entry 14010 already exists in notification-ctsv
Report: Blog 14010 already exists in blogs
Report: Entry 14006 already exists in notification-ctsv
Report: Blog 14006 already exists in blogs
Report: Entry 14004 already exists in notification-ctsv
Report: Blog 14004 already exists in blogs
Report: Entry 14002 already exists in notification-ctsv
Report: Blog 14002 already exists in blogs
Report: Entry 14001 already exists in notification-ctsv
Report: Blog 14001 already exists in blogs
Report: Entry 13995 already exists in notification-ctsv
Report: Blog 13995 already exists in blogs
Report: Entry 13991 already exists in notification-ctsv
Report: Blog 13991 already exists in blogs
Report: Entry 13966 already exists in notification-ctsv
Report: Blog 13966 already exists in blogs
Report: Entry 13963 already exists in notification-ctsv
Report: Blog 13963 already exists in blogs
Report: Entry 13962 already exists in notification-ctsv
Report: Blog 13962 already exists in blogs
Report: Entry 13956 already exists in notification-ctsv
Report: Blog 13956 already exists in blogs
Report: Entry 13945 already exists in notification-ctsv
Report: Blog 13945 already exists in blogs
Report: Entry 13943 already exists in notification-ctsv
Report: Blog 13943 already exists in blogs
Report: Entry 13941 already exists in notification-ctsv
Report: Blog 13941 already exists in blogs
Report: Entry 13930 already exists in notification-ctsv
Report: Blog 13930 already exists in blogs
Report: Entry 13929 already exists in notification-ctsv
Report: Blog 13929 already exists in blogs
Report: Entry 13920 already exists in notification-ctsv
Report: Blog 13920 already exists in blogs
Report: Entry 13909 already exists in notification-ctsv
Report: Blog 13909 already exists in blogs
Report: Entry 13902 already exists in notification-ctsv
Report: Blog 13902 already exists in blogs
Report: Entry 13901 already exists in notification-ctsv
Report: Blog 13901 already exists in blogs
Report: Entry 13900 already exists in notification-ctsv
Report: Blog 13900 already exists in blogs
Report: Entry 13899 already exists in notification-ctsv
Report: Blog 13899 already exists in blogs
Report: Entry 13881 already exists in notification-ctsv
Report: Blog 13881 already exists in blogs
Report: Entry 13879 already exists in notification-ctsv
Report: Blog 13879 already exists in blogs
Report: Entry 13878 already exists in notification-ctsv
Report: Blog 13878 already exists in blogs
Report: Entry 13837 already exists in notification-ctsv
Report: Blog 13837 already exists in blogs
Report: Entry 13830 already exists in notification-ctsv
Report: Blog 13830 already exists in blogs
Report: Entry 13829 already exists in notification-ctsv
Report: Blog 13829 already exists in blogs
Report: Entry 13822 already exists in notification-ctsv
Report: Blog 13822 already exists in blogs
Report: Entry 13820 already exists in notification-ctsv
Report: Blog 13820 already exists in blogs
Report: Entry 13698 already exists in notification-ctsv
Report: Blog 13698 already exists in blogs
Report: Entry 13681 already exists in notification-ctsv
Report: Blog 13681 already exists in blogs
Report: Entry 13638 already exists in notification-ctsv
Report: Blog 13638 already exists in blogs
Report: Entry 13637 already exists in notification-ctsv
Report: Blog 13637 already exists in blogs
Report: Entry 14329 already exists in notification-ctsv
Report: Blog 14329 already exists in blogs
Report: Entry 13571 already exists in notification-ctsv
Report: Blog 13571 already exists in blogs
Report: Entry 13530 already exists in notification-ctsv
Report: Blog 13530 already exists in blogs
Report: Entry 13528 already exists in notification-ctsv
Report: Blog 13528 already exists in blogs
Report: Entry 13519 already exists in notification-ctsv
Report: Blog 13519 already exists in blogs
Report: Entry 13517 already exists in notification-ctsv
Report: Blog 13517 already exists in blogs
Report: Entry 13515 already exists in notification-ctsv
Report: Blog 13515 already exists in blogs
Report: Entry 13493 already exists in notification-ctsv
Report: Blog 13493 already exists in blogs
Report: Entry 13490 already exists in notification-ctsv
Report: Blog 13490 already exists in blogs
Report: Entry 13485 already exists in notification-ctsv
Report: Blog 13485 already exists in blogs
Report: Entry 13460 already exists in notification-ctsv
Report: Blog 13460 already exists in blogs
Report: Entry 13452 already exists in notification-ctsv
Report: Blog 13452 already exists in blogs
Report: Entry 13449 already exists in notification-ctsv
Report: Blog 13449 already exists in blogs
Report: Entry 13440 already exists in notification-ctsv
Report: Blog 13440 already exists in blogs
Report: Entry 13439 already exists in notification-ctsv
Report: Blog 13439 already exists in blogs
Report: Entry 13430 already exists in notification-ctsv
Report: Blog 13430 already exists in blogs
Report: Entry 13389 already exists in notification-ctsv
Report: Blog 13389 already exists in blogs
Report: Entry 13323 already exists in notification-ctsv
Report: Blog 13323 already exists in blogs
Report: Entry 13322 already exists in notification-ctsv
Report: Blog 13322 already exists in blogs
Report: Entry 13320 already exists in notification-ctsv
Report: Blog 13320 already exists in blogs
Report: Entry 13312 already exists in notification-ctsv
Report: Blog 13312 already exists in blogs
Report: Entry 13290 already exists in notification-ctsv
Report: Blog 13290 already exists in blogs
